{"numFailedTestSuites":3,"numFailedTests":1,"numPassedTestSuites":11,"numPassedTests":110,"numPendingTestSuites":0,"numPendingTests":0,"numRuntimeErrorTestSuites":2,"numTodoTests":0,"numTotalTestSuites":14,"numTotalTests":111,"openHandles":[],"snapshot":{"added":0,"didUpdate":false,"failure":false,"filesAdded":0,"filesRemoved":0,"filesRemovedList":[],"filesUnmatched":0,"filesUpdated":0,"matched":0,"total":0,"unchecked":0,"uncheckedKeysByFile":[],"unmatched":0,"updated":0},"startTime":1724095164571,"success":false,"testResults":[{"assertionResults":[{"ancestorTitles":["QuestionnaireManager Initialization"],"duration":43,"failureDetails":[],"failureMessages":[],"fullName":"QuestionnaireManager Initialization should submit questionnaire on form submit","invocations":1,"location":null,"numPassingAsserts":1,"retryReasons":[],"status":"passed","title":"should submit questionnaire on form submit"},{"ancestorTitles":["QuestionnaireManager Initialization"],"duration":4,"failureDetails":[],"failureMessages":[],"fullName":"QuestionnaireManager Initialization should save questionnaire on save button click","invocations":1,"location":null,"numPassingAsserts":1,"retryReasons":[],"status":"passed","title":"should save questionnaire on save button click"}],"endTime":1724095170664,"message":"","name":"C:\\Users\\Olser\\OneDrive\\Documents\\University_Files\\course_files\\Dissertation-Lymphoedema\\Application\\dissertation-nhs-lymphoedema\\nhs\\src\\main\\resources\\static\\js\\__tests__\\Questionnaire\\QuestionnaireManagerInitUnitTests.test.js","startTime":1724095166851,"status":"passed","summary":""},{"assertionResults":[{"ancestorTitles":["QuestionnaireManager Initialization"],"duration":56,"failureDetails":[],"failureMessages":[],"fullName":"QuestionnaireManager Initialization should submit questionnaire on form submit","invocations":1,"location":null,"numPassingAsserts":1,"retryReasons":[],"status":"passed","title":"should submit questionnaire on form submit"},{"ancestorTitles":["QuestionnaireManager Initialization"],"duration":3,"failureDetails":[],"failureMessages":[],"fullName":"QuestionnaireManager Initialization should save questionnaire on save button click","invocations":1,"location":null,"numPassingAsserts":1,"retryReasons":[],"status":"passed","title":"should save questionnaire on save button click"}],"endTime":1724095170695,"message":"","name":"C:\\Users\\Olser\\OneDrive\\Documents\\University_Files\\course_files\\Dissertation-Lymphoedema\\Application\\dissertation-nhs-lymphoedema\\nhs\\gradle\\build\\resources\\main\\static\\js\\__tests__\\Questionnaire\\QuestionnaireManagerInitUnitTests.js","startTime":1724095166850,"status":"passed","summary":""},{"assertionResults":[{"ancestorTitles":["QuestionnaireRenderer"],"duration":55,"failureDetails":[],"failureMessages":[],"fullName":"QuestionnaireRenderer should initialize with correct DOM elements","invocations":1,"location":null,"numPassingAsserts":3,"retryReasons":[],"status":"passed","title":"should initialize with correct DOM elements"},{"ancestorTitles":["QuestionnaireRenderer"],"duration":7,"failureDetails":[],"failureMessages":[],"fullName":"QuestionnaireRenderer should render questionnaire details correctly","invocations":1,"location":null,"numPassingAsserts":2,"retryReasons":[],"status":"passed","title":"should render questionnaire details correctly"},{"ancestorTitles":["QuestionnaireRenderer"],"duration":83,"failureDetails":[],"failureMessages":[],"fullName":"QuestionnaireRenderer should clear the questions container","invocations":1,"location":null,"numPassingAsserts":1,"retryReasons":[],"status":"passed","title":"should clear the questions container"},{"ancestorTitles":["QuestionnaireRenderer"],"duration":12,"failureDetails":[],"failureMessages":[],"fullName":"QuestionnaireRenderer should categorize questions correctly","invocations":1,"location":null,"numPassingAsserts":6,"retryReasons":[],"status":"passed","title":"should categorize questions correctly"},{"ancestorTitles":["QuestionnaireRenderer"],"duration":45,"failureDetails":[],"failureMessages":[],"fullName":"QuestionnaireRenderer should render questions and categories","invocations":1,"location":null,"numPassingAsserts":1,"retryReasons":[],"status":"passed","title":"should render questions and categories"},{"ancestorTitles":["QuestionnaireRenderer"],"duration":8,"failureDetails":[],"failureMessages":[],"fullName":"QuestionnaireRenderer should create category div correctly","invocations":1,"location":null,"numPassingAsserts":2,"retryReasons":[],"status":"passed","title":"should create category div correctly"},{"ancestorTitles":["QuestionnaireRenderer"],"duration":52,"failureDetails":[],"failureMessages":[],"fullName":"QuestionnaireRenderer should create question div with scale inputs","invocations":1,"location":null,"numPassingAsserts":2,"retryReasons":[],"status":"passed","title":"should create question div with scale inputs"},{"ancestorTitles":["QuestionnaireRenderer"],"duration":9,"failureDetails":[],"failureMessages":[],"fullName":"QuestionnaireRenderer should create question div with text input","invocations":1,"location":null,"numPassingAsserts":2,"retryReasons":[],"status":"passed","title":"should create question div with text input"},{"ancestorTitles":["QuestionnaireRenderer"],"duration":41,"failureDetails":[],"failureMessages":[],"fullName":"QuestionnaireRenderer should render assigned questionnaires correctly","invocations":1,"location":null,"numPassingAsserts":2,"retryReasons":[],"status":"passed","title":"should render assigned questionnaires correctly"},{"ancestorTitles":["QuestionnaireRenderer"],"duration":14,"failureDetails":[],"failureMessages":[],"fullName":"QuestionnaireRenderer should show no assignment message if there are no assigned questionnaires","invocations":1,"location":null,"numPassingAsserts":2,"retryReasons":[],"status":"passed","title":"should show no assignment message if there are no assigned questionnaires"}],"endTime":1724095170948,"message":"","name":"C:\\Users\\Olser\\OneDrive\\Documents\\University_Files\\course_files\\Dissertation-Lymphoedema\\Application\\dissertation-nhs-lymphoedema\\nhs\\src\\main\\resources\\static\\js\\__tests__\\Questionnaire\\QuestionnaireRendererUnitTests.test.js","startTime":1724095166874,"status":"passed","summary":""},{"assertionResults":[{"ancestorTitles":["fetchData"],"duration":55,"failureDetails":[],"failureMessages":[],"fullName":"fetchData should fetch data successfully","invocations":1,"location":null,"numPassingAsserts":2,"retryReasons":[],"status":"passed","title":"should fetch data successfully"},{"ancestorTitles":["fetchData"],"duration":68,"failureDetails":[],"failureMessages":[],"fullName":"fetchData should throw an error when response is not ok","invocations":1,"location":null,"numPassingAsserts":1,"retryReasons":[],"status":"passed","title":"should throw an error when response is not ok"},{"ancestorTitles":["fetchData"],"duration":45,"failureDetails":[],"failureMessages":[],"fullName":"fetchData should handle fetch error","invocations":1,"location":null,"numPassingAsserts":1,"retryReasons":[],"status":"passed","title":"should handle fetch error"},{"ancestorTitles":["postData"],"duration":3,"failureDetails":[],"failureMessages":[],"fullName":"postData should post data successfully and return JSON","invocations":1,"location":null,"numPassingAsserts":2,"retryReasons":[],"status":"passed","title":"should post data successfully and return JSON"},{"ancestorTitles":["postData"],"duration":3,"failureDetails":[],"failureMessages":[],"fullName":"postData should throw an error when response is not ok","invocations":1,"location":null,"numPassingAsserts":1,"retryReasons":[],"status":"passed","title":"should throw an error when response is not ok"},{"ancestorTitles":["postData"],"duration":2,"failureDetails":[],"failureMessages":[],"fullName":"postData should handle non-JSON responses gracefully","invocations":1,"location":null,"numPassingAsserts":2,"retryReasons":[],"status":"passed","title":"should handle non-JSON responses gracefully"},{"ancestorTitles":["postData"],"duration":3,"failureDetails":[],"failureMessages":[],"fullName":"postData should handle fetch error","invocations":1,"location":null,"numPassingAsserts":1,"retryReasons":[],"status":"passed","title":"should handle fetch error"},{"ancestorTitles":["putData"],"duration":2,"failureDetails":[],"failureMessages":[],"fullName":"putData should put data successfully and return JSON if available","invocations":1,"location":null,"numPassingAsserts":2,"retryReasons":[],"status":"passed","title":"should put data successfully and return JSON if available"},{"ancestorTitles":["putData"],"duration":2,"failureDetails":[],"failureMessages":[],"fullName":"putData should handle no content in response","invocations":1,"location":null,"numPassingAsserts":1,"retryReasons":[],"status":"passed","title":"should handle no content in response"},{"ancestorTitles":["putData"],"duration":2,"failureDetails":[],"failureMessages":[],"fullName":"putData should throw an error when response is not ok","invocations":1,"location":null,"numPassingAsserts":1,"retryReasons":[],"status":"passed","title":"should throw an error when response is not ok"},{"ancestorTitles":["putData"],"duration":3,"failureDetails":[],"failureMessages":[],"fullName":"putData should handle fetch error","invocations":1,"location":null,"numPassingAsserts":1,"retryReasons":[],"status":"passed","title":"should handle fetch error"}],"endTime":1724095170984,"message":"","name":"C:\\Users\\Olser\\OneDrive\\Documents\\University_Files\\course_files\\Dissertation-Lymphoedema\\Application\\dissertation-nhs-lymphoedema\\nhs\\src\\main\\resources\\static\\js\\__tests__\\utils\\apiUtilityUnitTests.test.js","startTime":1724095166855,"status":"passed","summary":""},{"assertionResults":[{"ancestorTitles":["QuestionnaireRenderer"],"duration":71,"failureDetails":[],"failureMessages":[],"fullName":"QuestionnaireRenderer should initialize with correct DOM elements","invocations":1,"location":null,"numPassingAsserts":3,"retryReasons":[],"status":"passed","title":"should initialize with correct DOM elements"},{"ancestorTitles":["QuestionnaireRenderer"],"duration":7,"failureDetails":[],"failureMessages":[],"fullName":"QuestionnaireRenderer should render questionnaire details correctly","invocations":1,"location":null,"numPassingAsserts":2,"retryReasons":[],"status":"passed","title":"should render questionnaire details correctly"},{"ancestorTitles":["QuestionnaireRenderer"],"duration":39,"failureDetails":[],"failureMessages":[],"fullName":"QuestionnaireRenderer should clear the questions container","invocations":1,"location":null,"numPassingAsserts":1,"retryReasons":[],"status":"passed","title":"should clear the questions container"},{"ancestorTitles":["QuestionnaireRenderer"],"duration":22,"failureDetails":[],"failureMessages":[],"fullName":"QuestionnaireRenderer should categorize questions correctly","invocations":1,"location":null,"numPassingAsserts":6,"retryReasons":[],"status":"passed","title":"should categorize questions correctly"},{"ancestorTitles":["QuestionnaireRenderer"],"duration":88,"failureDetails":[],"failureMessages":[],"fullName":"QuestionnaireRenderer should render questions and categories","invocations":1,"location":null,"numPassingAsserts":1,"retryReasons":[],"status":"passed","title":"should render questions and categories"},{"ancestorTitles":["QuestionnaireRenderer"],"duration":11,"failureDetails":[],"failureMessages":[],"fullName":"QuestionnaireRenderer should create category div correctly","invocations":1,"location":null,"numPassingAsserts":2,"retryReasons":[],"status":"passed","title":"should create category div correctly"},{"ancestorTitles":["QuestionnaireRenderer"],"duration":11,"failureDetails":[],"failureMessages":[],"fullName":"QuestionnaireRenderer should create question div with scale inputs","invocations":1,"location":null,"numPassingAsserts":2,"retryReasons":[],"status":"passed","title":"should create question div with scale inputs"},{"ancestorTitles":["QuestionnaireRenderer"],"duration":7,"failureDetails":[],"failureMessages":[],"fullName":"QuestionnaireRenderer should create question div with text input","invocations":1,"location":null,"numPassingAsserts":2,"retryReasons":[],"status":"passed","title":"should create question div with text input"},{"ancestorTitles":["QuestionnaireRenderer"],"duration":48,"failureDetails":[],"failureMessages":[],"fullName":"QuestionnaireRenderer should render assigned questionnaires correctly","invocations":1,"location":null,"numPassingAsserts":2,"retryReasons":[],"status":"passed","title":"should render assigned questionnaires correctly"},{"ancestorTitles":["QuestionnaireRenderer"],"duration":7,"failureDetails":[],"failureMessages":[],"fullName":"QuestionnaireRenderer should show no assignment message if there are no assigned questionnaires","invocations":1,"location":null,"numPassingAsserts":2,"retryReasons":[],"status":"passed","title":"should show no assignment message if there are no assigned questionnaires"}],"endTime":1724095171050,"message":"","name":"C:\\Users\\Olser\\OneDrive\\Documents\\University_Files\\course_files\\Dissertation-Lymphoedema\\Application\\dissertation-nhs-lymphoedema\\nhs\\build\\resources\\main\\static\\js\\__tests__\\Questionnaire\\QuestionnaireRendererUnitTests.test.js","startTime":1724095166858,"status":"passed","summary":""},{"assertionResults":[{"ancestorTitles":["QuestionnaireRenderer"],"duration":50,"failureDetails":[],"failureMessages":[],"fullName":"QuestionnaireRenderer should initialize with correct DOM elements","invocations":1,"location":null,"numPassingAsserts":3,"retryReasons":[],"status":"passed","title":"should initialize with correct DOM elements"},{"ancestorTitles":["QuestionnaireRenderer"],"duration":9,"failureDetails":[],"failureMessages":[],"fullName":"QuestionnaireRenderer should render questionnaire details correctly","invocations":1,"location":null,"numPassingAsserts":2,"retryReasons":[],"status":"passed","title":"should render questionnaire details correctly"},{"ancestorTitles":["QuestionnaireRenderer"],"duration":17,"failureDetails":[],"failureMessages":[],"fullName":"QuestionnaireRenderer should clear the questions container","invocations":1,"location":null,"numPassingAsserts":1,"retryReasons":[],"status":"passed","title":"should clear the questions container"},{"ancestorTitles":["QuestionnaireRenderer"],"duration":10,"failureDetails":[],"failureMessages":[],"fullName":"QuestionnaireRenderer should categorize questions correctly","invocations":1,"location":null,"numPassingAsserts":6,"retryReasons":[],"status":"passed","title":"should categorize questions correctly"},{"ancestorTitles":["QuestionnaireRenderer"],"duration":66,"failureDetails":[],"failureMessages":[],"fullName":"QuestionnaireRenderer should render questions and categories","invocations":1,"location":null,"numPassingAsserts":1,"retryReasons":[],"status":"passed","title":"should render questions and categories"},{"ancestorTitles":["QuestionnaireRenderer"],"duration":7,"failureDetails":[],"failureMessages":[],"fullName":"QuestionnaireRenderer should create category div correctly","invocations":1,"location":null,"numPassingAsserts":2,"retryReasons":[],"status":"passed","title":"should create category div correctly"},{"ancestorTitles":["QuestionnaireRenderer"],"duration":39,"failureDetails":[],"failureMessages":[],"fullName":"QuestionnaireRenderer should create question div with scale inputs","invocations":1,"location":null,"numPassingAsserts":2,"retryReasons":[],"status":"passed","title":"should create question div with scale inputs"},{"ancestorTitles":["QuestionnaireRenderer"],"duration":6,"failureDetails":[],"failureMessages":[],"fullName":"QuestionnaireRenderer should create question div with text input","invocations":1,"location":null,"numPassingAsserts":2,"retryReasons":[],"status":"passed","title":"should create question div with text input"},{"ancestorTitles":["QuestionnaireRenderer"],"duration":35,"failureDetails":[{"matcherResult":{"actual":0,"expected":2,"message":"\u001b[2mexpect(\u001b[22m\u001b[31mreceived\u001b[39m\u001b[2m).\u001b[22mtoBe\u001b[2m(\u001b[22m\u001b[32mexpected\u001b[39m\u001b[2m) // Object.is equality\u001b[22m\n\nExpected: \u001b[32m2\u001b[39m\nReceived: \u001b[31m0\u001b[39m","name":"toBe","pass":false}}],"failureMessages":["Error: \u001b[2mexpect(\u001b[22m\u001b[31mreceived\u001b[39m\u001b[2m).\u001b[22mtoBe\u001b[2m(\u001b[22m\u001b[32mexpected\u001b[39m\u001b[2m) // Object.is equality\u001b[22m\n\nExpected: \u001b[32m2\u001b[39m\nReceived: \u001b[31m0\u001b[39m\n    at Object.toBe (C:\\Users\\Olser\\OneDrive\\Documents\\University_Files\\course_files\\Dissertation-Lymphoedema\\Application\\dissertation-nhs-lymphoedema\\nhs\\gradle\\build\\resources\\main\\static\\js\\__tests__\\Questionnaire\\QuestionnaireRendererUnitTests.js:152:43)\n    at Promise.then.completed (C:\\Users\\Olser\\OneDrive\\Documents\\University_Files\\course_files\\Dissertation-Lymphoedema\\Application\\dissertation-nhs-lymphoedema\\nhs\\node_modules\\jest-circus\\build\\utils.js:298:28)\n    at new Promise (<anonymous>)\n    at callAsyncCircusFn (C:\\Users\\Olser\\OneDrive\\Documents\\University_Files\\course_files\\Dissertation-Lymphoedema\\Application\\dissertation-nhs-lymphoedema\\nhs\\node_modules\\jest-circus\\build\\utils.js:231:10)\n    at _callCircusTest (C:\\Users\\Olser\\OneDrive\\Documents\\University_Files\\course_files\\Dissertation-Lymphoedema\\Application\\dissertation-nhs-lymphoedema\\nhs\\node_modules\\jest-circus\\build\\run.js:316:40)\n    at processTicksAndRejections (node:internal/process/task_queues:95:5)\n    at _runTest (C:\\Users\\Olser\\OneDrive\\Documents\\University_Files\\course_files\\Dissertation-Lymphoedema\\Application\\dissertation-nhs-lymphoedema\\nhs\\node_modules\\jest-circus\\build\\run.js:252:3)\n    at _runTestsForDescribeBlock (C:\\Users\\Olser\\OneDrive\\Documents\\University_Files\\course_files\\Dissertation-Lymphoedema\\Application\\dissertation-nhs-lymphoedema\\nhs\\node_modules\\jest-circus\\build\\run.js:126:9)\n    at _runTestsForDescribeBlock (C:\\Users\\Olser\\OneDrive\\Documents\\University_Files\\course_files\\Dissertation-Lymphoedema\\Application\\dissertation-nhs-lymphoedema\\nhs\\node_modules\\jest-circus\\build\\run.js:121:9)\n    at run (C:\\Users\\Olser\\OneDrive\\Documents\\University_Files\\course_files\\Dissertation-Lymphoedema\\Application\\dissertation-nhs-lymphoedema\\nhs\\node_modules\\jest-circus\\build\\run.js:71:3)\n    at runAndTransformResultsToJestFormat (C:\\Users\\Olser\\OneDrive\\Documents\\University_Files\\course_files\\Dissertation-Lymphoedema\\Application\\dissertation-nhs-lymphoedema\\nhs\\node_modules\\jest-circus\\build\\legacy-code-todo-rewrite\\jestAdapterInit.js:122:21)\n    at jestAdapter (C:\\Users\\Olser\\OneDrive\\Documents\\University_Files\\course_files\\Dissertation-Lymphoedema\\Application\\dissertation-nhs-lymphoedema\\nhs\\node_modules\\jest-circus\\build\\legacy-code-todo-rewrite\\jestAdapter.js:79:19)\n    at runTestInternal (C:\\Users\\Olser\\OneDrive\\Documents\\University_Files\\course_files\\Dissertation-Lymphoedema\\Application\\dissertation-nhs-lymphoedema\\nhs\\node_modules\\jest-runner\\build\\runTest.js:367:16)\n    at runTest (C:\\Users\\Olser\\OneDrive\\Documents\\University_Files\\course_files\\Dissertation-Lymphoedema\\Application\\dissertation-nhs-lymphoedema\\nhs\\node_modules\\jest-runner\\build\\runTest.js:444:34)\n    at Object.worker (C:\\Users\\Olser\\OneDrive\\Documents\\University_Files\\course_files\\Dissertation-Lymphoedema\\Application\\dissertation-nhs-lymphoedema\\nhs\\node_modules\\jest-runner\\build\\testWorker.js:106:12)"],"fullName":"QuestionnaireRenderer should render assigned questionnaires correctly","invocations":1,"location":null,"numPassingAsserts":0,"retryReasons":[],"status":"failed","title":"should render assigned questionnaires correctly"},{"ancestorTitles":["QuestionnaireRenderer"],"duration":6,"failureDetails":[],"failureMessages":[],"fullName":"QuestionnaireRenderer should show no assignment message if there are no assigned questionnaires","invocations":1,"location":null,"numPassingAsserts":2,"retryReasons":[],"status":"passed","title":"should show no assignment message if there are no assigned questionnaires"}],"endTime":1724095171029,"message":"\u001b[1m\u001b[31m  \u001b[1m● \u001b[22m\u001b[1mQuestionnaireRenderer › should render assigned questionnaires correctly\u001b[39m\u001b[22m\n\n    \u001b[2mexpect(\u001b[22m\u001b[31mreceived\u001b[39m\u001b[2m).\u001b[22mtoBe\u001b[2m(\u001b[22m\u001b[32mexpected\u001b[39m\u001b[2m) // Object.is equality\u001b[22m\n\n    Expected: \u001b[32m2\u001b[39m\n    Received: \u001b[31m0\u001b[39m\n\u001b[2m\u001b[22m\n\u001b[2m    \u001b[0m \u001b[90m 150 |\u001b[39m       \u001b[32m\".questionnaire-item\"\u001b[39m\u001b[22m\n\u001b[2m     \u001b[90m 151 |\u001b[39m     )\u001b[33m;\u001b[39m\u001b[22m\n\u001b[2m    \u001b[31m\u001b[1m>\u001b[22m\u001b[2m\u001b[39m\u001b[90m 152 |\u001b[39m     expect(renderedQuestionnaires\u001b[33m.\u001b[39mlength)\u001b[33m.\u001b[39mtoBe(\u001b[35m2\u001b[39m)\u001b[33m;\u001b[39m\u001b[22m\n\u001b[2m     \u001b[90m     |\u001b[39m                                           \u001b[31m\u001b[1m^\u001b[22m\u001b[2m\u001b[39m\u001b[22m\n\u001b[2m     \u001b[90m 153 |\u001b[39m     expect(document\u001b[33m.\u001b[39mgetElementById(\u001b[32m\"no-assignment\"\u001b[39m)\u001b[33m.\u001b[39mstyle\u001b[33m.\u001b[39mdisplay)\u001b[33m.\u001b[39mtoBe(\u001b[32m\"none\"\u001b[39m)\u001b[33m;\u001b[39m\u001b[22m\n\u001b[2m     \u001b[90m 154 |\u001b[39m   })\u001b[33m;\u001b[39m\u001b[22m\n\u001b[2m     \u001b[90m 155 |\u001b[39m\u001b[0m\u001b[22m\n\u001b[2m\u001b[22m\n\u001b[2m      \u001b[2mat Object.toBe (\u001b[22m\u001b[2m\u001b[0m\u001b[36mgradle/build/resources/main/static/js/__tests__/Questionnaire/QuestionnaireRendererUnitTests.js\u001b[39m\u001b[0m\u001b[2m:152:43)\u001b[22m\u001b[2m\u001b[22m\n","name":"C:\\Users\\Olser\\OneDrive\\Documents\\University_Files\\course_files\\Dissertation-Lymphoedema\\Application\\dissertation-nhs-lymphoedema\\nhs\\gradle\\build\\resources\\main\\static\\js\\__tests__\\Questionnaire\\QuestionnaireRendererUnitTests.js","startTime":1724095166846,"status":"failed","summary":""},{"assertionResults":[{"ancestorTitles":["fetchData"],"duration":48,"failureDetails":[],"failureMessages":[],"fullName":"fetchData should fetch data successfully","invocations":1,"location":null,"numPassingAsserts":2,"retryReasons":[],"status":"passed","title":"should fetch data successfully"},{"ancestorTitles":["fetchData"],"duration":59,"failureDetails":[],"failureMessages":[],"fullName":"fetchData should throw an error when response is not ok","invocations":1,"location":null,"numPassingAsserts":1,"retryReasons":[],"status":"passed","title":"should throw an error when response is not ok"},{"ancestorTitles":["fetchData"],"duration":48,"failureDetails":[],"failureMessages":[],"fullName":"fetchData should handle fetch error","invocations":1,"location":null,"numPassingAsserts":1,"retryReasons":[],"status":"passed","title":"should handle fetch error"},{"ancestorTitles":["postData"],"duration":3,"failureDetails":[],"failureMessages":[],"fullName":"postData should post data successfully and return JSON","invocations":1,"location":null,"numPassingAsserts":2,"retryReasons":[],"status":"passed","title":"should post data successfully and return JSON"},{"ancestorTitles":["postData"],"duration":3,"failureDetails":[],"failureMessages":[],"fullName":"postData should throw an error when response is not ok","invocations":1,"location":null,"numPassingAsserts":1,"retryReasons":[],"status":"passed","title":"should throw an error when response is not ok"},{"ancestorTitles":["postData"],"duration":4,"failureDetails":[],"failureMessages":[],"fullName":"postData should handle non-JSON responses gracefully","invocations":1,"location":null,"numPassingAsserts":2,"retryReasons":[],"status":"passed","title":"should handle non-JSON responses gracefully"},{"ancestorTitles":["postData"],"duration":45,"failureDetails":[],"failureMessages":[],"fullName":"postData should handle fetch error","invocations":1,"location":null,"numPassingAsserts":1,"retryReasons":[],"status":"passed","title":"should handle fetch error"},{"ancestorTitles":["putData"],"duration":3,"failureDetails":[],"failureMessages":[],"fullName":"putData should put data successfully and return JSON if available","invocations":1,"location":null,"numPassingAsserts":2,"retryReasons":[],"status":"passed","title":"should put data successfully and return JSON if available"},{"ancestorTitles":["putData"],"duration":1,"failureDetails":[],"failureMessages":[],"fullName":"putData should handle no content in response","invocations":1,"location":null,"numPassingAsserts":1,"retryReasons":[],"status":"passed","title":"should handle no content in response"},{"ancestorTitles":["putData"],"duration":11,"failureDetails":[],"failureMessages":[],"fullName":"putData should throw an error when response is not ok","invocations":1,"location":null,"numPassingAsserts":1,"retryReasons":[],"status":"passed","title":"should throw an error when response is not ok"},{"ancestorTitles":["putData"],"duration":2,"failureDetails":[],"failureMessages":[],"fullName":"putData should handle fetch error","invocations":1,"location":null,"numPassingAsserts":1,"retryReasons":[],"status":"passed","title":"should handle fetch error"}],"endTime":1724095171338,"message":"","name":"C:\\Users\\Olser\\OneDrive\\Documents\\University_Files\\course_files\\Dissertation-Lymphoedema\\Application\\dissertation-nhs-lymphoedema\\nhs\\gradle\\build\\resources\\main\\static\\js\\__tests__\\utils\\apiUtilityUnitTests.js","startTime":1724095166860,"status":"passed","summary":""},{"assertionResults":[{"ancestorTitles":["fetchData"],"duration":51,"failureDetails":[],"failureMessages":[],"fullName":"fetchData should fetch data successfully","invocations":1,"location":null,"numPassingAsserts":2,"retryReasons":[],"status":"passed","title":"should fetch data successfully"},{"ancestorTitles":["fetchData"],"duration":46,"failureDetails":[],"failureMessages":[],"fullName":"fetchData should throw an error when response is not ok","invocations":1,"location":null,"numPassingAsserts":1,"retryReasons":[],"status":"passed","title":"should throw an error when response is not ok"},{"ancestorTitles":["fetchData"],"duration":26,"failureDetails":[],"failureMessages":[],"fullName":"fetchData should handle fetch error","invocations":1,"location":null,"numPassingAsserts":1,"retryReasons":[],"status":"passed","title":"should handle fetch error"},{"ancestorTitles":["postData"],"duration":11,"failureDetails":[],"failureMessages":[],"fullName":"postData should post data successfully and return JSON","invocations":1,"location":null,"numPassingAsserts":2,"retryReasons":[],"status":"passed","title":"should post data successfully and return JSON"},{"ancestorTitles":["postData"],"duration":8,"failureDetails":[],"failureMessages":[],"fullName":"postData should throw an error when response is not ok","invocations":1,"location":null,"numPassingAsserts":1,"retryReasons":[],"status":"passed","title":"should throw an error when response is not ok"},{"ancestorTitles":["postData"],"duration":4,"failureDetails":[],"failureMessages":[],"fullName":"postData should handle non-JSON responses gracefully","invocations":1,"location":null,"numPassingAsserts":2,"retryReasons":[],"status":"passed","title":"should handle non-JSON responses gracefully"},{"ancestorTitles":["postData"],"duration":7,"failureDetails":[],"failureMessages":[],"fullName":"postData should handle fetch error","invocations":1,"location":null,"numPassingAsserts":1,"retryReasons":[],"status":"passed","title":"should handle fetch error"},{"ancestorTitles":["putData"],"duration":3,"failureDetails":[],"failureMessages":[],"fullName":"putData should put data successfully and return JSON if available","invocations":1,"location":null,"numPassingAsserts":2,"retryReasons":[],"status":"passed","title":"should put data successfully and return JSON if available"},{"ancestorTitles":["putData"],"duration":1,"failureDetails":[],"failureMessages":[],"fullName":"putData should handle no content in response","invocations":1,"location":null,"numPassingAsserts":1,"retryReasons":[],"status":"passed","title":"should handle no content in response"},{"ancestorTitles":["putData"],"duration":4,"failureDetails":[],"failureMessages":[],"fullName":"putData should throw an error when response is not ok","invocations":1,"location":null,"numPassingAsserts":1,"retryReasons":[],"status":"passed","title":"should throw an error when response is not ok"},{"ancestorTitles":["putData"],"duration":9,"failureDetails":[],"failureMessages":[],"fullName":"putData should handle fetch error","invocations":1,"location":null,"numPassingAsserts":1,"retryReasons":[],"status":"passed","title":"should handle fetch error"}],"endTime":1724095171529,"message":"","name":"C:\\Users\\Olser\\OneDrive\\Documents\\University_Files\\course_files\\Dissertation-Lymphoedema\\Application\\dissertation-nhs-lymphoedema\\nhs\\build\\resources\\main\\static\\js\\__tests__\\utils\\apiUtilityUnitTests.test.js","startTime":1724095166857,"status":"passed","summary":""},{"assertionResults":[{"ancestorTitles":["QuestionnaireManager Initialization"],"duration":7,"failureDetails":[],"failureMessages":[],"fullName":"QuestionnaireManager Initialization should submit questionnaire on form submit","invocations":1,"location":null,"numPassingAsserts":1,"retryReasons":[],"status":"passed","title":"should submit questionnaire on form submit"},{"ancestorTitles":["QuestionnaireManager Initialization"],"duration":2,"failureDetails":[],"failureMessages":[],"fullName":"QuestionnaireManager Initialization should save questionnaire on save button click","invocations":1,"location":null,"numPassingAsserts":1,"retryReasons":[],"status":"passed","title":"should save questionnaire on save button click"}],"endTime":1724095171530,"message":"","name":"C:\\Users\\Olser\\OneDrive\\Documents\\University_Files\\course_files\\Dissertation-Lymphoedema\\Application\\dissertation-nhs-lymphoedema\\nhs\\build\\resources\\main\\static\\js\\__tests__\\Questionnaire\\QuestionnaireManagerInitUnitTests.test.js","startTime":1724095170756,"status":"passed","summary":""},{"assertionResults":[],"coverage":{},"endTime":1724095172078,"message":"  \u001b[1m● \u001b[22mTest suite failed to run\n\n    Cannot find module '../../Questionnaire/QuestionnaireHub/questionaireHubManager' from 'build/resources/main/static/js/__tests__/questionnaireHub/QuestionnaireHubManagerUnit.test.js'\n\n    \u001b[0m \u001b[90m 1 |\u001b[39m \u001b[36mimport\u001b[39m { fetchData } \u001b[36mfrom\u001b[39m \u001b[32m\"../../common/utils/apiUtility.js\"\u001b[39m\u001b[33m;\u001b[39m\n    \u001b[31m\u001b[1m>\u001b[22m\u001b[39m\u001b[90m 2 |\u001b[39m \u001b[36mimport\u001b[39m { \u001b[33mQuestionnaireHubManager\u001b[39m } \u001b[36mfrom\u001b[39m \u001b[32m\"../../Questionnaire/QuestionnaireHub/questionaireHubManager\"\u001b[39m\u001b[33m;\u001b[39m\n     \u001b[90m   |\u001b[39m \u001b[31m\u001b[1m^\u001b[22m\u001b[39m\n     \u001b[90m 3 |\u001b[39m \u001b[36mimport\u001b[39m { \u001b[33mQuestionnaireHubRendererProviderView\u001b[39m } \u001b[36mfrom\u001b[39m \u001b[32m\"../../Questionnaire/QuestionnaireHub/questionnaireHubRenderer\"\u001b[39m\u001b[33m;\u001b[39m\n     \u001b[90m 4 |\u001b[39m\n     \u001b[90m 5 |\u001b[39m \u001b[90m// Mock the necessary imports\u001b[39m\u001b[0m\n\n      \u001b[2mat Resolver._throwModNotFoundError (\u001b[22mnode_modules/jest-resolve/build/resolver.js\u001b[2m:427:11)\u001b[22m\n      \u001b[2mat Object.require (\u001b[22m\u001b[0m\u001b[36mbuild/resources/main/static/js/__tests__/questionnaireHub/QuestionnaireHubManagerUnit.test.js\u001b[39m\u001b[0m\u001b[2m:2:1)\u001b[22m\n","name":"C:\\Users\\Olser\\OneDrive\\Documents\\University_Files\\course_files\\Dissertation-Lymphoedema\\Application\\dissertation-nhs-lymphoedema\\nhs\\build\\resources\\main\\static\\js\\__tests__\\questionnaireHub\\QuestionnaireHubManagerUnit.test.js","startTime":1724095172078,"status":"failed","summary":""},{"assertionResults":[],"coverage":{},"endTime":1724095172078,"message":"  \u001b[1m● \u001b[22mTest suite failed to run\n\n    Cannot find module '../../Questionnaire/QuestionnaireHub/questionaireHubManager' from 'src/main/resources/static/js/__tests__/questionnaireHub/QuestionnaireHubManagerUnit.test.js'\n\n    \u001b[0m \u001b[90m 1 |\u001b[39m \u001b[36mimport\u001b[39m { fetchData } \u001b[36mfrom\u001b[39m \u001b[32m\"../../common/utils/apiUtility.js\"\u001b[39m\u001b[33m;\u001b[39m\n    \u001b[31m\u001b[1m>\u001b[22m\u001b[39m\u001b[90m 2 |\u001b[39m \u001b[36mimport\u001b[39m { \u001b[33mQuestionnaireHubManager\u001b[39m } \u001b[36mfrom\u001b[39m \u001b[32m\"../../Questionnaire/QuestionnaireHub/questionaireHubManager\"\u001b[39m\u001b[33m;\u001b[39m\n     \u001b[90m   |\u001b[39m \u001b[31m\u001b[1m^\u001b[22m\u001b[39m\n     \u001b[90m 3 |\u001b[39m \u001b[36mimport\u001b[39m { \u001b[33mQuestionnaireHubRendererProviderView\u001b[39m } \u001b[36mfrom\u001b[39m \u001b[32m\"../../Questionnaire/QuestionnaireHub/questionnaireHubRenderer\"\u001b[39m\u001b[33m;\u001b[39m\n     \u001b[90m 4 |\u001b[39m\n     \u001b[90m 5 |\u001b[39m \u001b[90m// Mock the necessary imports\u001b[39m\u001b[0m\n\n      \u001b[2mat Resolver._throwModNotFoundError (\u001b[22mnode_modules/jest-resolve/build/resolver.js\u001b[2m:427:11)\u001b[22m\n      \u001b[2mat Object.require (\u001b[22m\u001b[0m\u001b[36msrc/main/resources/static/js/__tests__/questionnaireHub/QuestionnaireHubManagerUnit.test.js\u001b[39m\u001b[0m\u001b[2m:2:1)\u001b[22m\n","name":"C:\\Users\\Olser\\OneDrive\\Documents\\University_Files\\course_files\\Dissertation-Lymphoedema\\Application\\dissertation-nhs-lymphoedema\\nhs\\src\\main\\resources\\static\\js\\__tests__\\questionnaireHub\\QuestionnaireHubManagerUnit.test.js","startTime":1724095172078,"status":"failed","summary":""},{"assertionResults":[{"ancestorTitles":["QuestionnaireManager"],"duration":64,"failureDetails":[],"failureMessages":[],"fullName":"QuestionnaireManager should initialize with correct userID and setup event listener","invocations":1,"location":null,"numPassingAsserts":4,"retryReasons":[],"status":"passed","title":"should initialize with correct userID and setup event listener"},{"ancestorTitles":["QuestionnaireManager"],"duration":15,"failureDetails":[],"failureMessages":[],"fullName":"QuestionnaireManager should fetch and render assigned questionnaires","invocations":1,"location":null,"numPassingAsserts":2,"retryReasons":[],"status":"passed","title":"should fetch and render assigned questionnaires"},{"ancestorTitles":["QuestionnaireManager"],"duration":10,"failureDetails":[],"failureMessages":[],"fullName":"QuestionnaireManager should handle error when fetching assigned questionnaires","invocations":1,"location":null,"numPassingAsserts":1,"retryReasons":[],"status":"passed","title":"should handle error when fetching assigned questionnaires"},{"ancestorTitles":["QuestionnaireManager"],"duration":19,"failureDetails":[],"failureMessages":[],"fullName":"QuestionnaireManager should fetch and render a specific questionnaire","invocations":1,"location":null,"numPassingAsserts":4,"retryReasons":[],"status":"passed","title":"should fetch and render a specific questionnaire"},{"ancestorTitles":["QuestionnaireManager"],"duration":13,"failureDetails":[],"failureMessages":[],"fullName":"QuestionnaireManager should handle error when fetching a specific questionnaire","invocations":1,"location":null,"numPassingAsserts":1,"retryReasons":[],"status":"passed","title":"should handle error when fetching a specific questionnaire"},{"ancestorTitles":["QuestionnaireManager"],"duration":15,"failureDetails":[],"failureMessages":[],"fullName":"QuestionnaireManager should update questionnaire progress","invocations":1,"location":null,"numPassingAsserts":1,"retryReasons":[],"status":"passed","title":"should update questionnaire progress"},{"ancestorTitles":["QuestionnaireManager"],"duration":5,"failureDetails":[],"failureMessages":[],"fullName":"QuestionnaireManager should handle error when updating questionnaire progress","invocations":1,"location":null,"numPassingAsserts":1,"retryReasons":[],"status":"passed","title":"should handle error when updating questionnaire progress"},{"ancestorTitles":["QuestionnaireManager"],"duration":24,"failureDetails":[],"failureMessages":[],"fullName":"QuestionnaireManager should save questionnaire data","invocations":1,"location":null,"numPassingAsserts":1,"retryReasons":[],"status":"passed","title":"should save questionnaire data"},{"ancestorTitles":["QuestionnaireManager"],"duration":7,"failureDetails":[],"failureMessages":[],"fullName":"QuestionnaireManager should handle error when saving questionnaire data","invocations":1,"location":null,"numPassingAsserts":1,"retryReasons":[],"status":"passed","title":"should handle error when saving questionnaire data"},{"ancestorTitles":["QuestionnaireManager"],"duration":54,"failureDetails":[],"failureMessages":[],"fullName":"QuestionnaireManager should submit questionnaire if valid","invocations":1,"location":null,"numPassingAsserts":2,"retryReasons":[],"status":"passed","title":"should submit questionnaire if valid"},{"ancestorTitles":["QuestionnaireManager"],"duration":26,"failureDetails":[],"failureMessages":[],"fullName":"QuestionnaireManager should not submit questionnaire if invalid","invocations":1,"location":null,"numPassingAsserts":2,"retryReasons":[],"status":"passed","title":"should not submit questionnaire if invalid"},{"ancestorTitles":["QuestionnaireManager"],"duration":5,"failureDetails":[],"failureMessages":[],"fullName":"QuestionnaireManager should validate form correctly","invocations":1,"location":null,"numPassingAsserts":1,"retryReasons":[],"status":"passed","title":"should validate form correctly"},{"ancestorTitles":["QuestionnaireManager"],"duration":5,"failureDetails":[],"failureMessages":[],"fullName":"QuestionnaireManager should invalidate form if missing required answers","invocations":1,"location":null,"numPassingAsserts":1,"retryReasons":[],"status":"passed","title":"should invalidate form if missing required answers"},{"ancestorTitles":["QuestionnaireManager"],"duration":5,"failureDetails":[],"failureMessages":[],"fullName":"QuestionnaireManager should invalidate form if missing required answers","invocations":1,"location":null,"numPassingAsserts":1,"retryReasons":[],"status":"passed","title":"should invalidate form if missing required answers"}],"endTime":1724095171677,"message":"","name":"C:\\Users\\Olser\\OneDrive\\Documents\\University_Files\\course_files\\Dissertation-Lymphoedema\\Application\\dissertation-nhs-lymphoedema\\nhs\\build\\resources\\main\\static\\js\\__tests__\\Questionnaire\\QuestionnaireManagerUnitTests.test.js","startTime":1724095166869,"status":"passed","summary":""},{"assertionResults":[{"ancestorTitles":["QuestionnaireManager"],"duration":55,"failureDetails":[],"failureMessages":[],"fullName":"QuestionnaireManager should initialize with correct userID and setup event listener","invocations":1,"location":null,"numPassingAsserts":4,"retryReasons":[],"status":"passed","title":"should initialize with correct userID and setup event listener"},{"ancestorTitles":["QuestionnaireManager"],"duration":15,"failureDetails":[],"failureMessages":[],"fullName":"QuestionnaireManager should fetch and render assigned questionnaires","invocations":1,"location":null,"numPassingAsserts":2,"retryReasons":[],"status":"passed","title":"should fetch and render assigned questionnaires"},{"ancestorTitles":["QuestionnaireManager"],"duration":10,"failureDetails":[],"failureMessages":[],"fullName":"QuestionnaireManager should handle error when fetching assigned questionnaires","invocations":1,"location":null,"numPassingAsserts":1,"retryReasons":[],"status":"passed","title":"should handle error when fetching assigned questionnaires"},{"ancestorTitles":["QuestionnaireManager"],"duration":14,"failureDetails":[],"failureMessages":[],"fullName":"QuestionnaireManager should fetch and render a specific questionnaire","invocations":1,"location":null,"numPassingAsserts":4,"retryReasons":[],"status":"passed","title":"should fetch and render a specific questionnaire"},{"ancestorTitles":["QuestionnaireManager"],"duration":7,"failureDetails":[],"failureMessages":[],"fullName":"QuestionnaireManager should handle error when fetching a specific questionnaire","invocations":1,"location":null,"numPassingAsserts":1,"retryReasons":[],"status":"passed","title":"should handle error when fetching a specific questionnaire"},{"ancestorTitles":["QuestionnaireManager"],"duration":10,"failureDetails":[],"failureMessages":[],"fullName":"QuestionnaireManager should update questionnaire progress","invocations":1,"location":null,"numPassingAsserts":1,"retryReasons":[],"status":"passed","title":"should update questionnaire progress"},{"ancestorTitles":["QuestionnaireManager"],"duration":4,"failureDetails":[],"failureMessages":[],"fullName":"QuestionnaireManager should handle error when updating questionnaire progress","invocations":1,"location":null,"numPassingAsserts":1,"retryReasons":[],"status":"passed","title":"should handle error when updating questionnaire progress"},{"ancestorTitles":["QuestionnaireManager"],"duration":26,"failureDetails":[],"failureMessages":[],"fullName":"QuestionnaireManager should save questionnaire data","invocations":1,"location":null,"numPassingAsserts":1,"retryReasons":[],"status":"passed","title":"should save questionnaire data"},{"ancestorTitles":["QuestionnaireManager"],"duration":6,"failureDetails":[],"failureMessages":[],"fullName":"QuestionnaireManager should handle error when saving questionnaire data","invocations":1,"location":null,"numPassingAsserts":1,"retryReasons":[],"status":"passed","title":"should handle error when saving questionnaire data"},{"ancestorTitles":["QuestionnaireManager"],"duration":48,"failureDetails":[],"failureMessages":[],"fullName":"QuestionnaireManager should submit questionnaire if valid","invocations":1,"location":null,"numPassingAsserts":2,"retryReasons":[],"status":"passed","title":"should submit questionnaire if valid"},{"ancestorTitles":["QuestionnaireManager"],"duration":24,"failureDetails":[],"failureMessages":[],"fullName":"QuestionnaireManager should not submit questionnaire if invalid","invocations":1,"location":null,"numPassingAsserts":2,"retryReasons":[],"status":"passed","title":"should not submit questionnaire if invalid"},{"ancestorTitles":["QuestionnaireManager"],"duration":5,"failureDetails":[],"failureMessages":[],"fullName":"QuestionnaireManager should validate form correctly","invocations":1,"location":null,"numPassingAsserts":1,"retryReasons":[],"status":"passed","title":"should validate form correctly"},{"ancestorTitles":["QuestionnaireManager"],"duration":4,"failureDetails":[],"failureMessages":[],"fullName":"QuestionnaireManager should invalidate form if missing required answers","invocations":1,"location":null,"numPassingAsserts":1,"retryReasons":[],"status":"passed","title":"should invalidate form if missing required answers"},{"ancestorTitles":["QuestionnaireManager"],"duration":4,"failureDetails":[],"failureMessages":[],"fullName":"QuestionnaireManager should invalidate form if missing required answers","invocations":1,"location":null,"numPassingAsserts":1,"retryReasons":[],"status":"passed","title":"should invalidate form if missing required answers"}],"endTime":1724095171683,"message":"","name":"C:\\Users\\Olser\\OneDrive\\Documents\\University_Files\\course_files\\Dissertation-Lymphoedema\\Application\\dissertation-nhs-lymphoedema\\nhs\\gradle\\build\\resources\\main\\static\\js\\__tests__\\Questionnaire\\QuestionnaireManagerUnitTests.js","startTime":1724095166849,"status":"passed","summary":""},{"assertionResults":[{"ancestorTitles":["QuestionnaireManager"],"duration":56,"failureDetails":[],"failureMessages":[],"fullName":"QuestionnaireManager should initialize with correct userID and setup event listener","invocations":1,"location":null,"numPassingAsserts":4,"retryReasons":[],"status":"passed","title":"should initialize with correct userID and setup event listener"},{"ancestorTitles":["QuestionnaireManager"],"duration":22,"failureDetails":[],"failureMessages":[],"fullName":"QuestionnaireManager should fetch and render assigned questionnaires","invocations":1,"location":null,"numPassingAsserts":2,"retryReasons":[],"status":"passed","title":"should fetch and render assigned questionnaires"},{"ancestorTitles":["QuestionnaireManager"],"duration":20,"failureDetails":[],"failureMessages":[],"fullName":"QuestionnaireManager should handle error when fetching assigned questionnaires","invocations":1,"location":null,"numPassingAsserts":1,"retryReasons":[],"status":"passed","title":"should handle error when fetching assigned questionnaires"},{"ancestorTitles":["QuestionnaireManager"],"duration":14,"failureDetails":[],"failureMessages":[],"fullName":"QuestionnaireManager should fetch and render a specific questionnaire","invocations":1,"location":null,"numPassingAsserts":4,"retryReasons":[],"status":"passed","title":"should fetch and render a specific questionnaire"},{"ancestorTitles":["QuestionnaireManager"],"duration":4,"failureDetails":[],"failureMessages":[],"fullName":"QuestionnaireManager should handle error when fetching a specific questionnaire","invocations":1,"location":null,"numPassingAsserts":1,"retryReasons":[],"status":"passed","title":"should handle error when fetching a specific questionnaire"},{"ancestorTitles":["QuestionnaireManager"],"duration":6,"failureDetails":[],"failureMessages":[],"fullName":"QuestionnaireManager should update questionnaire progress","invocations":1,"location":null,"numPassingAsserts":1,"retryReasons":[],"status":"passed","title":"should update questionnaire progress"},{"ancestorTitles":["QuestionnaireManager"],"duration":7,"failureDetails":[],"failureMessages":[],"fullName":"QuestionnaireManager should handle error when updating questionnaire progress","invocations":1,"location":null,"numPassingAsserts":1,"retryReasons":[],"status":"passed","title":"should handle error when updating questionnaire progress"},{"ancestorTitles":["QuestionnaireManager"],"duration":27,"failureDetails":[],"failureMessages":[],"fullName":"QuestionnaireManager should save questionnaire data","invocations":1,"location":null,"numPassingAsserts":1,"retryReasons":[],"status":"passed","title":"should save questionnaire data"},{"ancestorTitles":["QuestionnaireManager"],"duration":5,"failureDetails":[],"failureMessages":[],"fullName":"QuestionnaireManager should handle error when saving questionnaire data","invocations":1,"location":null,"numPassingAsserts":1,"retryReasons":[],"status":"passed","title":"should handle error when saving questionnaire data"},{"ancestorTitles":["QuestionnaireManager"],"duration":63,"failureDetails":[],"failureMessages":[],"fullName":"QuestionnaireManager should submit questionnaire if valid","invocations":1,"location":null,"numPassingAsserts":2,"retryReasons":[],"status":"passed","title":"should submit questionnaire if valid"},{"ancestorTitles":["QuestionnaireManager"],"duration":19,"failureDetails":[],"failureMessages":[],"fullName":"QuestionnaireManager should not submit questionnaire if invalid","invocations":1,"location":null,"numPassingAsserts":2,"retryReasons":[],"status":"passed","title":"should not submit questionnaire if invalid"},{"ancestorTitles":["QuestionnaireManager"],"duration":4,"failureDetails":[],"failureMessages":[],"fullName":"QuestionnaireManager should validate form correctly","invocations":1,"location":null,"numPassingAsserts":1,"retryReasons":[],"status":"passed","title":"should validate form correctly"},{"ancestorTitles":["QuestionnaireManager"],"duration":4,"failureDetails":[],"failureMessages":[],"fullName":"QuestionnaireManager should invalidate form if missing required answers","invocations":1,"location":null,"numPassingAsserts":1,"retryReasons":[],"status":"passed","title":"should invalidate form if missing required answers"},{"ancestorTitles":["QuestionnaireManager"],"duration":3,"failureDetails":[],"failureMessages":[],"fullName":"QuestionnaireManager should invalidate form if missing required answers","invocations":1,"location":null,"numPassingAsserts":1,"retryReasons":[],"status":"passed","title":"should invalidate form if missing required answers"}],"endTime":1724095171706,"message":"","name":"C:\\Users\\Olser\\OneDrive\\Documents\\University_Files\\course_files\\Dissertation-Lymphoedema\\Application\\dissertation-nhs-lymphoedema\\nhs\\src\\main\\resources\\static\\js\\__tests__\\Questionnaire\\QuestionnaireManagerUnitTests.test.js","startTime":1724095166846,"status":"passed","summary":""}],"wasInterrupted":false}
